{
  "uid" : "6fb704de95296f30",
  "name" : "test_conduit02",
  "fullName" : "testproject.conduit_tc_002_reg_test#test_conduit02",
  "historyId" : "bee41d7ee7186b1d87a775ce0e2f0c80",
  "time" : {
    "start" : 1629057799642,
    "stop" : 1629057815115,
    "duration" : 15473
  },
  "status" : "failed",
  "statusMessage" : "AssertionError: assert '' == 'Welcome!'\n  - Welcome!",
  "statusTrace" : "def test_conduit02():\n        # Conduit_TC_002_Reg\n        # Regiszrtáció helyesen és helytelen adatokkal.\n        # Előfeltételek:\n        # 1- A gazdagép elérhető\n        # 2- A gazdagépen  fut a Conduit\n        # 3- Chrome Verzió: 91.0.4472.77 (Hivatalos verzió) (64 bites)\n        # 4- OS: Windows 10\n        # 5- Szükséges a TC_001 teszt sikeres lefutása\n        # Követelmény: Req.id: R01\n        from selenium import webdriver\n        import time\n        import random\n        import string\n        from selenium.webdriver.chrome.options import Options\n        from webdriver_manager.chrome import ChromeDriverManager\n    \n        options = Options()\n        options.add_argument('--headless')\n        driver = webdriver.Chrome(ChromeDriverManager().install(), options=options)\n    \n        # Oldal betöltése\n        driver.get(\"http://localhost:1667\")\n    \n        # random jelszó\n        def get_ppass(lowers_count, digits_count, uppers_count):\n            lowers = ''.join((random.choice(string.ascii_lowercase) for i in range(lowers_count)))\n            digits = ''.join((random.choice(string.digits) for i in range(digits_count)))\n            uppers = ''.join((random.choice(string.ascii_uppercase) for i in range(uppers_count)))\n            sample_list = list(lowers + digits + uppers)\n            random.shuffle(sample_list)\n            final_string = ''.join(sample_list)\n            return final_string\n    \n        # random felhasználónév\n        def get_uname(lowers_count):\n            lowers = ''.join((random.choice(string.ascii_lowercase) for i in range(lowers_count)))\n            return lowers\n    \n        # random email cím\n        def get_email(lowers_count):\n            lowers = ''.join((random.choice(string.ascii_lowercase) for i in range(lowers_count)))\n            emails = lowers + \"\" + \"@example.com\"\n            return emails\n    \n        # elemek kikeresése xpath alapján\n        def find_and_by_xpath(xpath_1):\n            element = driver.find_element_by_xpath(xpath_1)\n            return element\n    \n        # Tesztadatok\n        username_value = [\"a\", get_uname(8)]\n        email_value = [\"a\", get_email(8)]\n        password_value = [\"a\", get_ppass(3, 4, 1)]\n    \n        # Regisztráció függvény\n        def registration(username_v, email_v, password_v):\n            user_name = find_and_by_xpath('//input[@placeholder=\"Username\"]')\n            user_name.send_keys(username_v)\n            username_list.append(user_name.get_attribute('value'))\n            email = find_and_by_xpath('//input[@placeholder=\"Email\"]')\n            email.send_keys(email_v)\n            password = find_and_by_xpath('//input[@placeholder=\"Password\"]')\n            password.send_keys(password_v)\n            time.sleep(2)\n            find_and_by_xpath('//button[@class=\"btn btn-lg btn-primary pull-xs-right\"]').click()\n            time.sleep(2)\n    \n        # Alert gomb megnyomás függvény\n        def alert_button_click():\n            alert_button = find_and_by_xpath('//button[@class=\"swal-button swal-button--confirm\"]')\n            alert_button.click()\n            time.sleep(3)\n    \n        # Sign up link kikeresése és klikkekése\n        sign_up = find_and_by_xpath(\"//a[@href='#/register']\")\n        time.sleep(1)\n        sign_up.click()\n        time.sleep(1)\n    \n        # Input mezők megjelenésének ellenőrzése\n        assert find_and_by_xpath('//input[@placeholder=\"Username\"]').is_displayed()\n        assert find_and_by_xpath('//input[@placeholder=\"Email\"]').is_displayed()\n        assert find_and_by_xpath('//input[@placeholder=\"Password\"]').is_displayed()\n    \n        # Username tesztadatok kigyűjtése az ellenőrzéshez\n        username_list = []\n    \n        # Regisztrációs függvény meghívása helytelen tesztadatokkal\n        registration(username_value[0], email_value[0], password_value[0])\n    \n        # Ellenőrizzük, a felugró ablak helyességét\n        assert find_and_by_xpath('//div[@class=\"swal-title\"]').text == \"Registration failed!\"\n        assert find_and_by_xpath('//div[@class=\"swal-text\"]').text == \"Email must be a valid email.\"\n    \n        # Alert gomb megnyomása függvény meghívása\n        alert_button_click()\n    \n        # Regisztrációs függvény meghívása helyes tesztadatokkal\n        registration(username_value[1], email_value[1], password_value[1])\n    \n        # Ellenőrizzük, a felugró ablak helyességét\n>       assert find_and_by_xpath('//div[@class=\"swal-title\"]').text == \"Welcome!\"\nE       AssertionError: assert '' == 'Welcome!'\nE         - Welcome!\n\ntestproject/conduit_tc_002_reg_test.py:103: AssertionError",
  "flaky" : false,
  "newFailed" : false,
  "beforeStages" : [ ],
  "testStage" : {
    "status" : "failed",
    "statusMessage" : "AssertionError: assert '' == 'Welcome!'\n  - Welcome!",
    "statusTrace" : "def test_conduit02():\n        # Conduit_TC_002_Reg\n        # Regiszrtáció helyesen és helytelen adatokkal.\n        # Előfeltételek:\n        # 1- A gazdagép elérhető\n        # 2- A gazdagépen  fut a Conduit\n        # 3- Chrome Verzió: 91.0.4472.77 (Hivatalos verzió) (64 bites)\n        # 4- OS: Windows 10\n        # 5- Szükséges a TC_001 teszt sikeres lefutása\n        # Követelmény: Req.id: R01\n        from selenium import webdriver\n        import time\n        import random\n        import string\n        from selenium.webdriver.chrome.options import Options\n        from webdriver_manager.chrome import ChromeDriverManager\n    \n        options = Options()\n        options.add_argument('--headless')\n        driver = webdriver.Chrome(ChromeDriverManager().install(), options=options)\n    \n        # Oldal betöltése\n        driver.get(\"http://localhost:1667\")\n    \n        # random jelszó\n        def get_ppass(lowers_count, digits_count, uppers_count):\n            lowers = ''.join((random.choice(string.ascii_lowercase) for i in range(lowers_count)))\n            digits = ''.join((random.choice(string.digits) for i in range(digits_count)))\n            uppers = ''.join((random.choice(string.ascii_uppercase) for i in range(uppers_count)))\n            sample_list = list(lowers + digits + uppers)\n            random.shuffle(sample_list)\n            final_string = ''.join(sample_list)\n            return final_string\n    \n        # random felhasználónév\n        def get_uname(lowers_count):\n            lowers = ''.join((random.choice(string.ascii_lowercase) for i in range(lowers_count)))\n            return lowers\n    \n        # random email cím\n        def get_email(lowers_count):\n            lowers = ''.join((random.choice(string.ascii_lowercase) for i in range(lowers_count)))\n            emails = lowers + \"\" + \"@example.com\"\n            return emails\n    \n        # elemek kikeresése xpath alapján\n        def find_and_by_xpath(xpath_1):\n            element = driver.find_element_by_xpath(xpath_1)\n            return element\n    \n        # Tesztadatok\n        username_value = [\"a\", get_uname(8)]\n        email_value = [\"a\", get_email(8)]\n        password_value = [\"a\", get_ppass(3, 4, 1)]\n    \n        # Regisztráció függvény\n        def registration(username_v, email_v, password_v):\n            user_name = find_and_by_xpath('//input[@placeholder=\"Username\"]')\n            user_name.send_keys(username_v)\n            username_list.append(user_name.get_attribute('value'))\n            email = find_and_by_xpath('//input[@placeholder=\"Email\"]')\n            email.send_keys(email_v)\n            password = find_and_by_xpath('//input[@placeholder=\"Password\"]')\n            password.send_keys(password_v)\n            time.sleep(2)\n            find_and_by_xpath('//button[@class=\"btn btn-lg btn-primary pull-xs-right\"]').click()\n            time.sleep(2)\n    \n        # Alert gomb megnyomás függvény\n        def alert_button_click():\n            alert_button = find_and_by_xpath('//button[@class=\"swal-button swal-button--confirm\"]')\n            alert_button.click()\n            time.sleep(3)\n    \n        # Sign up link kikeresése és klikkekése\n        sign_up = find_and_by_xpath(\"//a[@href='#/register']\")\n        time.sleep(1)\n        sign_up.click()\n        time.sleep(1)\n    \n        # Input mezők megjelenésének ellenőrzése\n        assert find_and_by_xpath('//input[@placeholder=\"Username\"]').is_displayed()\n        assert find_and_by_xpath('//input[@placeholder=\"Email\"]').is_displayed()\n        assert find_and_by_xpath('//input[@placeholder=\"Password\"]').is_displayed()\n    \n        # Username tesztadatok kigyűjtése az ellenőrzéshez\n        username_list = []\n    \n        # Regisztrációs függvény meghívása helytelen tesztadatokkal\n        registration(username_value[0], email_value[0], password_value[0])\n    \n        # Ellenőrizzük, a felugró ablak helyességét\n        assert find_and_by_xpath('//div[@class=\"swal-title\"]').text == \"Registration failed!\"\n        assert find_and_by_xpath('//div[@class=\"swal-text\"]').text == \"Email must be a valid email.\"\n    \n        # Alert gomb megnyomása függvény meghívása\n        alert_button_click()\n    \n        # Regisztrációs függvény meghívása helyes tesztadatokkal\n        registration(username_value[1], email_value[1], password_value[1])\n    \n        # Ellenőrizzük, a felugró ablak helyességét\n>       assert find_and_by_xpath('//div[@class=\"swal-title\"]').text == \"Welcome!\"\nE       AssertionError: assert '' == 'Welcome!'\nE         - Welcome!\n\ntestproject/conduit_tc_002_reg_test.py:103: AssertionError",
    "steps" : [ ],
    "attachments" : [ {
      "uid" : "81ffff4b3a21dc54",
      "name" : "log",
      "source" : "81ffff4b3a21dc54.txt",
      "type" : "text/plain",
      "size" : 344
    }, {
      "uid" : "9e674beffbd3eb98",
      "name" : "stderr",
      "source" : "9e674beffbd3eb98.txt",
      "type" : "text/plain",
      "size" : 215
    } ],
    "parameters" : [ ],
    "stepsCount" : 0,
    "attachmentsCount" : 2,
    "shouldDisplayMessage" : true,
    "hasContent" : true
  },
  "afterStages" : [ ],
  "labels" : [ {
    "name" : "parentSuite",
    "value" : "testproject"
  }, {
    "name" : "suite",
    "value" : "conduit_tc_002_reg_test"
  }, {
    "name" : "host",
    "value" : "fv-az39-798"
  }, {
    "name" : "thread",
    "value" : "3935-MainThread"
  }, {
    "name" : "framework",
    "value" : "pytest"
  }, {
    "name" : "language",
    "value" : "cpython3"
  }, {
    "name" : "package",
    "value" : "testproject.conduit_tc_002_reg_test"
  }, {
    "name" : "resultFormat",
    "value" : "allure2"
  } ],
  "parameters" : [ ],
  "links" : [ ],
  "hidden" : false,
  "retry" : false,
  "extra" : {
    "severity" : "normal",
    "retries" : [ ],
    "categories" : [ {
      "name" : "Product defects",
      "matchedStatuses" : [ ],
      "flaky" : false
    } ],
    "history" : {
      "statistic" : {
        "failed" : 1,
        "broken" : 8,
        "skipped" : 0,
        "passed" : 0,
        "unknown" : 0,
        "total" : 9
      },
      "items" : [ {
        "uid" : "31e6b9bb938721b3",
        "reportUrl" : "https://BartaEmese.github.io/conduit/28//#testresult/31e6b9bb938721b3",
        "status" : "broken",
        "statusDetails" : "selenium.common.exceptions.NoSuchElementException: Message: no such element: Unable to locate element: {\"method\":\"xpath\",\"selector\":\"//div[@class=\"swal-title\"]\"}\n  (Session info: headless chrome=92.0.4515.131)",
        "time" : {
          "start" : 1629057320434,
          "stop" : 1629057333775,
          "duration" : 13341
        }
      }, {
        "uid" : "7661c8a197bb80a9",
        "reportUrl" : "https://BartaEmese.github.io/conduit/26//#testresult/7661c8a197bb80a9",
        "status" : "broken",
        "statusDetails" : "selenium.common.exceptions.WebDriverException: Message: unknown error: Chrome failed to start: exited abnormally.\n  (unknown error: DevToolsActivePort file doesn't exist)\n  (The process started from chrome location /usr/bin/google-chrome is no longer running, so ChromeDriver is assuming that Chrome has crashed.)",
        "time" : {
          "start" : 1629056948068,
          "stop" : 1629056949064,
          "duration" : 996
        }
      }, {
        "uid" : "b26dba8fbef86eaa",
        "reportUrl" : "https://BartaEmese.github.io/conduit/27//#testresult/b26dba8fbef86eaa",
        "status" : "broken",
        "statusDetails" : "selenium.common.exceptions.NoSuchElementException: Message: no such element: Unable to locate element: {\"method\":\"xpath\",\"selector\":\"//div[@class=\"swal-title\"]\"}\n  (Session info: headless chrome=92.0.4515.131)",
        "time" : {
          "start" : 1629056324542,
          "stop" : 1629056340067,
          "duration" : 15525
        }
      }, {
        "uid" : "12dc716bd3192512",
        "reportUrl" : "https://BartaEmese.github.io/conduit/26//#testresult/12dc716bd3192512",
        "status" : "broken",
        "statusDetails" : "selenium.common.exceptions.WebDriverException: Message: unknown error: Chrome failed to start: exited abnormally.\n  (unknown error: DevToolsActivePort file doesn't exist)\n  (The process started from chrome location /usr/bin/google-chrome is no longer running, so ChromeDriver is assuming that Chrome has crashed.)",
        "time" : {
          "start" : 1629056262123,
          "stop" : 1629056264040,
          "duration" : 1917
        }
      }, {
        "uid" : "a459e3372dfca788",
        "reportUrl" : "https://BartaEmese.github.io/conduit/25//#testresult/a459e3372dfca788",
        "status" : "broken",
        "statusDetails" : "selenium.common.exceptions.WebDriverException: Message: unknown error: Chrome failed to start: exited abnormally.\n  (unknown error: DevToolsActivePort file doesn't exist)\n  (The process started from chrome location /usr/bin/google-chrome is no longer running, so ChromeDriver is assuming that Chrome has crashed.)",
        "time" : {
          "start" : 1629055834131,
          "stop" : 1629055835217,
          "duration" : 1086
        }
      }, {
        "uid" : "e3b48ebf2a4bfdde",
        "reportUrl" : "https://BartaEmese.github.io/conduit/24//#testresult/e3b48ebf2a4bfdde",
        "status" : "broken",
        "statusDetails" : "selenium.common.exceptions.NoSuchElementException: Message: no such element: Unable to locate element: {\"method\":\"xpath\",\"selector\":\"//div[@class=\"swal-title\"]\"}\n  (Session info: headless chrome=92.0.4515.131)",
        "time" : {
          "start" : 1629054866540,
          "stop" : 1629054880997,
          "duration" : 14457
        }
      }, {
        "uid" : "2435dcd2bfc38b1",
        "reportUrl" : "https://BartaEmese.github.io/conduit/23//#testresult/2435dcd2bfc38b1",
        "status" : "broken",
        "statusDetails" : "selenium.common.exceptions.NoSuchElementException: Message: no such element: Unable to locate element: {\"method\":\"xpath\",\"selector\":\"//div[@class=\"swal-title\"]\"}\n  (Session info: headless chrome=92.0.4515.131)",
        "time" : {
          "start" : 1629054082527,
          "stop" : 1629054096021,
          "duration" : 13494
        }
      }, {
        "uid" : "a8743f5fcc7990b5",
        "reportUrl" : "https://BartaEmese.github.io/conduit/22//#testresult/a8743f5fcc7990b5",
        "status" : "broken",
        "statusDetails" : "selenium.common.exceptions.WebDriverException: Message: unknown error: Chrome failed to start: exited abnormally.\n  (unknown error: DevToolsActivePort file doesn't exist)\n  (The process started from chrome location /usr/bin/google-chrome is no longer running, so ChromeDriver is assuming that Chrome has crashed.)",
        "time" : {
          "start" : 1629053650849,
          "stop" : 1629053652038,
          "duration" : 1189
        }
      } ]
    },
    "tags" : [ ]
  },
  "source" : "6fb704de95296f30.json",
  "parameterValues" : [ ]
}