{
  "uid" : "19097c060f8ded41",
  "name" : "test_conduit19",
  "fullName" : "testproject.conduit_tc_019-reg_test#test_conduit19",
  "historyId" : "a280ec2078933dfc197dd7f7247e2a2e",
  "time" : {
    "start" : 1629054967458,
    "stop" : 1629054977427,
    "duration" : 9969
  },
  "status" : "failed",
  "statusMessage" : "AssertionError: assert 11 <= 10\n +  where 11 = len([<selenium.webdriver.remote.webelement.WebElement (session=\"81ad46ea9af34c8c004f106a1e7898fc\", element=\"d15a132f-8cb8-...belement.WebElement (session=\"81ad46ea9af34c8c004f106a1e7898fc\", element=\"ad73d67c-ed76-47c0-87cd-63996c08d24b\")>, ...])",
  "statusTrace" : "def test_conduit19():\n        # Conduit_TC_019_Reg\n        # Egy oldalon megjelenő maximális blogbejegyzés vizsgálata\n        # Előfeltételek:\n        # 1- A gazdagép elérhető\n        # 2- A gazdagépen  fut a Conduit\n        # 3- Chrome Verzió: 91.0.4472.77 (Hivatalos verzió) (64 bites)\n        # 4- OS: Windows 10\n        # 5- Bejelentkezett felhasználó: Email: testuser1@example.com Password: Abcd123$\n        # 6- Szükséges a TC_001 és a TC_002 teszt sikeres lefutása\n        # Követelmény: Req.id: R08\n        from selenium import webdriver\n        import time\n        from selenium.webdriver.chrome.options import Options\n        from webdriver_manager.chrome import ChromeDriverManager\n    \n        options = Options()\n        options.add_argument('--headless')\n    \n        driver = webdriver.Chrome(ChromeDriverManager().install(), options=options)\n        try:\n            # Oldal betöltése\n            driver.get(\"http://localhost:1667\")\n            time.sleep(1)\n    \n    \n            # Bejelentkezés függvény\n            def login(email_l, password_l):\n                sign_in = driver.find_element_by_xpath('//a[@href=\"#/login\"]')\n                sign_in.click()\n                email = driver.find_element_by_xpath('//input[@placeholder=\"Email\"]')\n                email.send_keys(email_l)\n                password = driver.find_element_by_xpath('//input[@placeholder=\"Password\"]')\n                password.send_keys(password_l)\n                button = driver.find_element_by_xpath('//button[@class=\"btn btn-lg btn-primary pull-xs-right\"]')\n                button.click()\n                time.sleep(2)\n    \n    \n            # Bejelentkezés tesztadat\n            email_data = [\"testuser1@example.com\"]\n            password_data = [\"Abcd123$\"]\n    \n            # Bejelentkezés függvény meghívás\n            login(email_data[0], password_data[0])\n    \n            # testuser1 felhasználó blogbejegyzéseinek kikeresése\n            testuser1 = driver.find_element_by_xpath('//li[@class=\"nav-item\"]//a[@href=\"#/@testuser1/\"]')\n            testuser1.click()\n            time.sleep(6)\n            article_title = driver.find_elements_by_xpath('//div[@class=\"article-preview\"]')\n    \n            print(len(article_title))\n            # Ellenőrzés: egy oldalon megjelenő blogbejegyzés max 10 db\n>           assert len(article_title) <= 10\nE           assert 11 <= 10\nE            +  where 11 = len([<selenium.webdriver.remote.webelement.WebElement (session=\"81ad46ea9af34c8c004f106a1e7898fc\", element=\"d15a132f-8cb8-...belement.WebElement (session=\"81ad46ea9af34c8c004f106a1e7898fc\", element=\"ad73d67c-ed76-47c0-87cd-63996c08d24b\")>, ...])\n\ntestproject/conduit_tc_019-reg_test.py:55: AssertionError",
  "flaky" : false,
  "newFailed" : true,
  "beforeStages" : [ ],
  "testStage" : {
    "status" : "failed",
    "statusMessage" : "AssertionError: assert 11 <= 10\n +  where 11 = len([<selenium.webdriver.remote.webelement.WebElement (session=\"81ad46ea9af34c8c004f106a1e7898fc\", element=\"d15a132f-8cb8-...belement.WebElement (session=\"81ad46ea9af34c8c004f106a1e7898fc\", element=\"ad73d67c-ed76-47c0-87cd-63996c08d24b\")>, ...])",
    "statusTrace" : "def test_conduit19():\n        # Conduit_TC_019_Reg\n        # Egy oldalon megjelenő maximális blogbejegyzés vizsgálata\n        # Előfeltételek:\n        # 1- A gazdagép elérhető\n        # 2- A gazdagépen  fut a Conduit\n        # 3- Chrome Verzió: 91.0.4472.77 (Hivatalos verzió) (64 bites)\n        # 4- OS: Windows 10\n        # 5- Bejelentkezett felhasználó: Email: testuser1@example.com Password: Abcd123$\n        # 6- Szükséges a TC_001 és a TC_002 teszt sikeres lefutása\n        # Követelmény: Req.id: R08\n        from selenium import webdriver\n        import time\n        from selenium.webdriver.chrome.options import Options\n        from webdriver_manager.chrome import ChromeDriverManager\n    \n        options = Options()\n        options.add_argument('--headless')\n    \n        driver = webdriver.Chrome(ChromeDriverManager().install(), options=options)\n        try:\n            # Oldal betöltése\n            driver.get(\"http://localhost:1667\")\n            time.sleep(1)\n    \n    \n            # Bejelentkezés függvény\n            def login(email_l, password_l):\n                sign_in = driver.find_element_by_xpath('//a[@href=\"#/login\"]')\n                sign_in.click()\n                email = driver.find_element_by_xpath('//input[@placeholder=\"Email\"]')\n                email.send_keys(email_l)\n                password = driver.find_element_by_xpath('//input[@placeholder=\"Password\"]')\n                password.send_keys(password_l)\n                button = driver.find_element_by_xpath('//button[@class=\"btn btn-lg btn-primary pull-xs-right\"]')\n                button.click()\n                time.sleep(2)\n    \n    \n            # Bejelentkezés tesztadat\n            email_data = [\"testuser1@example.com\"]\n            password_data = [\"Abcd123$\"]\n    \n            # Bejelentkezés függvény meghívás\n            login(email_data[0], password_data[0])\n    \n            # testuser1 felhasználó blogbejegyzéseinek kikeresése\n            testuser1 = driver.find_element_by_xpath('//li[@class=\"nav-item\"]//a[@href=\"#/@testuser1/\"]')\n            testuser1.click()\n            time.sleep(6)\n            article_title = driver.find_elements_by_xpath('//div[@class=\"article-preview\"]')\n    \n            print(len(article_title))\n            # Ellenőrzés: egy oldalon megjelenő blogbejegyzés max 10 db\n>           assert len(article_title) <= 10\nE           assert 11 <= 10\nE            +  where 11 = len([<selenium.webdriver.remote.webelement.WebElement (session=\"81ad46ea9af34c8c004f106a1e7898fc\", element=\"d15a132f-8cb8-...belement.WebElement (session=\"81ad46ea9af34c8c004f106a1e7898fc\", element=\"ad73d67c-ed76-47c0-87cd-63996c08d24b\")>, ...])\n\ntestproject/conduit_tc_019-reg_test.py:55: AssertionError",
    "steps" : [ ],
    "attachments" : [ {
      "uid" : "7df7f5e174993a1e",
      "name" : "log",
      "source" : "7df7f5e174993a1e.txt",
      "type" : "text/plain",
      "size" : 344
    }, {
      "uid" : "9599bfc23de1d11f",
      "name" : "stdout",
      "source" : "9599bfc23de1d11f.txt",
      "type" : "text/plain",
      "size" : 3
    }, {
      "uid" : "397cf849e07a0897",
      "name" : "stderr",
      "source" : "397cf849e07a0897.txt",
      "type" : "text/plain",
      "size" : 215
    } ],
    "parameters" : [ ],
    "stepsCount" : 0,
    "attachmentsCount" : 3,
    "shouldDisplayMessage" : true,
    "hasContent" : true
  },
  "afterStages" : [ ],
  "labels" : [ {
    "name" : "parentSuite",
    "value" : "testproject"
  }, {
    "name" : "suite",
    "value" : "conduit_tc_019-reg_test"
  }, {
    "name" : "host",
    "value" : "fv-az81-606"
  }, {
    "name" : "thread",
    "value" : "3740-MainThread"
  }, {
    "name" : "framework",
    "value" : "pytest"
  }, {
    "name" : "language",
    "value" : "cpython3"
  }, {
    "name" : "package",
    "value" : "testproject.conduit_tc_019-reg_test"
  }, {
    "name" : "resultFormat",
    "value" : "allure2"
  } ],
  "parameters" : [ ],
  "links" : [ ],
  "hidden" : false,
  "retry" : false,
  "extra" : {
    "severity" : "normal",
    "retries" : [ ],
    "categories" : [ {
      "name" : "Product defects",
      "matchedStatuses" : [ ],
      "flaky" : false
    } ],
    "history" : {
      "statistic" : {
        "failed" : 1,
        "broken" : 1,
        "skipped" : 0,
        "passed" : 1,
        "unknown" : 0,
        "total" : 3
      },
      "items" : [ {
        "uid" : "b19e9bf7ccc0cfbb",
        "reportUrl" : "https://BartaEmese.github.io/conduit/23//#testresult/b19e9bf7ccc0cfbb",
        "status" : "passed",
        "time" : {
          "start" : 1629054181892,
          "stop" : 1629054191822,
          "duration" : 9930
        }
      }, {
        "uid" : "8ac87a61991b42bf",
        "reportUrl" : "https://BartaEmese.github.io/conduit/22//#testresult/8ac87a61991b42bf",
        "status" : "broken",
        "statusDetails" : "selenium.common.exceptions.WebDriverException: Message: unknown error: Chrome failed to start: exited abnormally.\n  (unknown error: DevToolsActivePort file doesn't exist)\n  (The process started from chrome location /usr/bin/google-chrome is no longer running, so ChromeDriver is assuming that Chrome has crashed.)",
        "time" : {
          "start" : 1629053658441,
          "stop" : 1629053658636,
          "duration" : 195
        }
      } ]
    },
    "tags" : [ ]
  },
  "source" : "19097c060f8ded41.json",
  "parameterValues" : [ ]
}