{
  "uid" : "c7a25fa742f0b822",
  "name" : "test_conduit12",
  "fullName" : "testproject.conduit_tc_012-reg_test#test_conduit12",
  "historyId" : "e011632aa3b12865df24965950f3faae",
  "time" : {
    "start" : 1629054939030,
    "stop" : 1629054960575,
    "duration" : 21545
  },
  "status" : "passed",
  "flaky" : false,
  "newFailed" : false,
  "beforeStages" : [ ],
  "testStage" : {
    "status" : "passed",
    "steps" : [ ],
    "attachments" : [ {
      "uid" : "a2284c2e99e14bf",
      "name" : "log",
      "source" : "a2284c2e99e14bf.txt",
      "type" : "text/plain",
      "size" : 344
    }, {
      "uid" : "cb9728f5d412ffc6",
      "name" : "stdout",
      "source" : "cb9728f5d412ffc6.txt",
      "type" : "text/plain",
      "size" : 4
    }, {
      "uid" : "f0e100efd262a741",
      "name" : "stderr",
      "source" : "f0e100efd262a741.txt",
      "type" : "text/plain",
      "size" : 215
    } ],
    "parameters" : [ ],
    "stepsCount" : 0,
    "attachmentsCount" : 3,
    "shouldDisplayMessage" : false,
    "hasContent" : true
  },
  "afterStages" : [ ],
  "labels" : [ {
    "name" : "parentSuite",
    "value" : "testproject"
  }, {
    "name" : "suite",
    "value" : "conduit_tc_012-reg_test"
  }, {
    "name" : "host",
    "value" : "fv-az81-606"
  }, {
    "name" : "thread",
    "value" : "3740-MainThread"
  }, {
    "name" : "framework",
    "value" : "pytest"
  }, {
    "name" : "language",
    "value" : "cpython3"
  }, {
    "name" : "package",
    "value" : "testproject.conduit_tc_012-reg_test"
  }, {
    "name" : "resultFormat",
    "value" : "allure2"
  } ],
  "parameters" : [ ],
  "links" : [ ],
  "hidden" : false,
  "retry" : false,
  "extra" : {
    "severity" : "normal",
    "retries" : [ ],
    "categories" : [ ],
    "history" : {
      "statistic" : {
        "failed" : 1,
        "broken" : 1,
        "skipped" : 0,
        "passed" : 1,
        "unknown" : 0,
        "total" : 3
      },
      "items" : [ {
        "uid" : "c8cc32ac8641f608",
        "reportUrl" : "https://BartaEmese.github.io/conduit/23//#testresult/c8cc32ac8641f608",
        "status" : "failed",
        "statusDetails" : "AssertionError: assert 5 == 11\n +  where 5 = len([<selenium.webdriver.remote.webelement.WebElement (session=\"78915ac63531a7c155031c3bc0c0c668\", element=\"21a5736c-e613-...te.webelement.WebElement (session=\"78915ac63531a7c155031c3bc0c0c668\", element=\"d5fae935-1657-42ff-b993-3f50041da38b\")>])\n +  and   11 = len([<selenium.webdriver.remote.webelement.WebElement (session=\"78915ac63531a7c155031c3bc0c0c668\", element=\"ebf34090-492e-...belement.WebElement (session=\"78915ac63531a7c155031c3bc0c0c668\", element=\"4dac209d-6447-4df8-97a2-b242c75f6d73\")>, ...])",
        "time" : {
          "start" : 1629054153524,
          "stop" : 1629054174992,
          "duration" : 21468
        }
      }, {
        "uid" : "26c0b11a629d84fa",
        "reportUrl" : "https://BartaEmese.github.io/conduit/22//#testresult/26c0b11a629d84fa",
        "status" : "broken",
        "statusDetails" : "selenium.common.exceptions.WebDriverException: Message: unknown error: Chrome failed to start: exited abnormally.\n  (unknown error: DevToolsActivePort file doesn't exist)\n  (The process started from chrome location /usr/bin/google-chrome is no longer running, so ChromeDriver is assuming that Chrome has crashed.)",
        "time" : {
          "start" : 1629053655802,
          "stop" : 1629053656985,
          "duration" : 1183
        }
      } ]
    },
    "tags" : [ ]
  },
  "source" : "c7a25fa742f0b822.json",
  "parameterValues" : [ ]
}