{
  "uid" : "90176e1a8698a626",
  "name" : "test_conduit19",
  "fullName" : "testproject.conduit_tc_019-reg_test#test_conduit19",
  "historyId" : "a280ec2078933dfc197dd7f7247e2a2e",
  "time" : {
    "start" : 1629057033668,
    "stop" : 1629057044539,
    "duration" : 10871
  },
  "status" : "passed",
  "flaky" : false,
  "newFailed" : false,
  "beforeStages" : [ ],
  "testStage" : {
    "status" : "passed",
    "steps" : [ ],
    "attachments" : [ {
      "uid" : "fe0b73f31985e54b",
      "name" : "log",
      "source" : "fe0b73f31985e54b.txt",
      "type" : "text/plain",
      "size" : 344
    }, {
      "uid" : "4dc89faf7e5603c3",
      "name" : "stdout",
      "source" : "4dc89faf7e5603c3.txt",
      "type" : "text/plain",
      "size" : 2
    }, {
      "uid" : "4f1ff95cfa224852",
      "name" : "stderr",
      "source" : "4f1ff95cfa224852.txt",
      "type" : "text/plain",
      "size" : 215
    } ],
    "parameters" : [ ],
    "stepsCount" : 0,
    "attachmentsCount" : 3,
    "shouldDisplayMessage" : false,
    "hasContent" : true
  },
  "afterStages" : [ ],
  "labels" : [ {
    "name" : "parentSuite",
    "value" : "testproject"
  }, {
    "name" : "suite",
    "value" : "conduit_tc_019-reg_test"
  }, {
    "name" : "host",
    "value" : "fv-az83-831"
  }, {
    "name" : "thread",
    "value" : "3850-MainThread"
  }, {
    "name" : "framework",
    "value" : "pytest"
  }, {
    "name" : "language",
    "value" : "cpython3"
  }, {
    "name" : "package",
    "value" : "testproject.conduit_tc_019-reg_test"
  }, {
    "name" : "resultFormat",
    "value" : "allure2"
  } ],
  "parameters" : [ ],
  "links" : [ ],
  "hidden" : false,
  "retry" : false,
  "extra" : {
    "severity" : "normal",
    "retries" : [ ],
    "categories" : [ ],
    "history" : {
      "statistic" : {
        "failed" : 1,
        "broken" : 1,
        "skipped" : 0,
        "passed" : 5,
        "unknown" : 0,
        "total" : 7
      },
      "items" : [ {
        "uid" : "d174329a2a6ee52a",
        "reportUrl" : "https://BartaEmese.github.io/conduit/27//#testresult/d174329a2a6ee52a",
        "status" : "passed",
        "time" : {
          "start" : 1629056426959,
          "stop" : 1629056437954,
          "duration" : 10995
        }
      }, {
        "uid" : "dd5838617840babd",
        "reportUrl" : "https://BartaEmese.github.io/conduit/26//#testresult/dd5838617840babd",
        "status" : "passed",
        "time" : {
          "start" : 1629056350540,
          "stop" : 1629056360473,
          "duration" : 9933
        }
      }, {
        "uid" : "67a7e4caa79a2de5",
        "reportUrl" : "https://BartaEmese.github.io/conduit/25//#testresult/67a7e4caa79a2de5",
        "status" : "passed",
        "time" : {
          "start" : 1629055918186,
          "stop" : 1629055928089,
          "duration" : 9903
        }
      }, {
        "uid" : "19097c060f8ded41",
        "reportUrl" : "https://BartaEmese.github.io/conduit/24//#testresult/19097c060f8ded41",
        "status" : "failed",
        "statusDetails" : "AssertionError: assert 11 <= 10\n +  where 11 = len([<selenium.webdriver.remote.webelement.WebElement (session=\"81ad46ea9af34c8c004f106a1e7898fc\", element=\"d15a132f-8cb8-...belement.WebElement (session=\"81ad46ea9af34c8c004f106a1e7898fc\", element=\"ad73d67c-ed76-47c0-87cd-63996c08d24b\")>, ...])",
        "time" : {
          "start" : 1629054967458,
          "stop" : 1629054977427,
          "duration" : 9969
        }
      }, {
        "uid" : "b19e9bf7ccc0cfbb",
        "reportUrl" : "https://BartaEmese.github.io/conduit/23//#testresult/b19e9bf7ccc0cfbb",
        "status" : "passed",
        "time" : {
          "start" : 1629054181892,
          "stop" : 1629054191822,
          "duration" : 9930
        }
      }, {
        "uid" : "8ac87a61991b42bf",
        "reportUrl" : "https://BartaEmese.github.io/conduit/22//#testresult/8ac87a61991b42bf",
        "status" : "broken",
        "statusDetails" : "selenium.common.exceptions.WebDriverException: Message: unknown error: Chrome failed to start: exited abnormally.\n  (unknown error: DevToolsActivePort file doesn't exist)\n  (The process started from chrome location /usr/bin/google-chrome is no longer running, so ChromeDriver is assuming that Chrome has crashed.)",
        "time" : {
          "start" : 1629053658441,
          "stop" : 1629053658636,
          "duration" : 195
        }
      } ]
    },
    "tags" : [ ]
  },
  "source" : "90176e1a8698a626.json",
  "parameterValues" : [ ]
}