{
  "uid" : "fe3d7b6823dd8b0e",
  "name" : "test_conduit19",
  "fullName" : "testproject.conduit_tc_019-reg_test#test_conduit19",
  "historyId" : "a280ec2078933dfc197dd7f7247e2a2e",
  "time" : {
    "start" : 1629105682332,
    "stop" : 1629105696679,
    "duration" : 14347
  },
  "status" : "failed",
  "statusMessage" : "AssertionError: assert 11 <= 10\n +  where 11 = len([<selenium.webdriver.remote.webelement.WebElement (session=\"12e25a363a88e68f64c9c58fadf6a920\", element=\"61d6bccd-7d42-...belement.WebElement (session=\"12e25a363a88e68f64c9c58fadf6a920\", element=\"a4fdb81f-3c40-4a72-a799-f4a0f9d0b9fb\")>, ...])",
  "statusTrace" : "def test_conduit19():\n        # Conduit_TC_019_Reg\n        # Egy oldalon megjelenő maximális blogbejegyzés vizsgálata\n        # Előfeltételek:\n        # 1- A gazdagép elérhető\n        # 2- A gazdagépen  fut a Conduit\n        # 3- Chrome Verzió: 91.0.4472.77 (Hivatalos verzió) (64 bites)\n        # 4- OS: Windows 10\n        # 5- Bejelentkezett felhasználó: Email: testuser1@example.com Password: Abcd123$\n        # 6- Szükséges a TC_001 és a TC_002 teszt sikeres lefutása\n        # Követelmény: Req.id: R08\n        from selenium import webdriver\n        import time\n        from selenium.webdriver.chrome.options import Options\n        from webdriver_manager.chrome import ChromeDriverManager\n    \n        options = Options()\n        options.add_argument('--headless')\n    \n        driver = webdriver.Chrome(ChromeDriverManager().install(), options=options)\n        try:\n            # Oldal betöltése\n            driver.get(\"http://localhost:1667\")\n            time.sleep(1)\n    \n    \n            # Bejelentkezés függvény\n            def login(email_l, password_l):\n                sign_in = driver.find_element_by_xpath('//a[@href=\"#/login\"]')\n                sign_in.click()\n                email = driver.find_element_by_xpath('//input[@placeholder=\"Email\"]')\n                email.send_keys(email_l)\n                password = driver.find_element_by_xpath('//input[@placeholder=\"Password\"]')\n                password.send_keys(password_l)\n                button = driver.find_element_by_xpath('//button[@class=\"btn btn-lg btn-primary pull-xs-right\"]')\n                button.click()\n                time.sleep(2)\n    \n    \n            # Bejelentkezés tesztadat\n            email_data = [\"testuser1@example.com\"]\n            password_data = [\"Abcd123$\"]\n    \n            # Bejelentkezés függvény meghívás\n            login(email_data[0], password_data[0])\n    \n            # testuser1 felhasználó blogbejegyzéseinek kikeresése\n            testuser1 = driver.find_element_by_xpath('//li[@class=\"nav-item\"]//a[@href=\"#/@testuser1/\"]')\n            testuser1.click()\n            time.sleep(7)\n            article_title = driver.find_elements_by_xpath('//div[@class=\"article-preview\"]')\n            time.sleep(3)\n            print(len(article_title))\n            # Ellenőrzés: egy oldalon megjelenő blogbejegyzés max 10 db\n>           assert len(article_title) <= 10\nE           assert 11 <= 10\nE            +  where 11 = len([<selenium.webdriver.remote.webelement.WebElement (session=\"12e25a363a88e68f64c9c58fadf6a920\", element=\"61d6bccd-7d42-...belement.WebElement (session=\"12e25a363a88e68f64c9c58fadf6a920\", element=\"a4fdb81f-3c40-4a72-a799-f4a0f9d0b9fb\")>, ...])\n\ntestproject/conduit_tc_019-reg_test.py:55: AssertionError",
  "flaky" : true,
  "newFailed" : true,
  "beforeStages" : [ ],
  "testStage" : {
    "status" : "failed",
    "statusMessage" : "AssertionError: assert 11 <= 10\n +  where 11 = len([<selenium.webdriver.remote.webelement.WebElement (session=\"12e25a363a88e68f64c9c58fadf6a920\", element=\"61d6bccd-7d42-...belement.WebElement (session=\"12e25a363a88e68f64c9c58fadf6a920\", element=\"a4fdb81f-3c40-4a72-a799-f4a0f9d0b9fb\")>, ...])",
    "statusTrace" : "def test_conduit19():\n        # Conduit_TC_019_Reg\n        # Egy oldalon megjelenő maximális blogbejegyzés vizsgálata\n        # Előfeltételek:\n        # 1- A gazdagép elérhető\n        # 2- A gazdagépen  fut a Conduit\n        # 3- Chrome Verzió: 91.0.4472.77 (Hivatalos verzió) (64 bites)\n        # 4- OS: Windows 10\n        # 5- Bejelentkezett felhasználó: Email: testuser1@example.com Password: Abcd123$\n        # 6- Szükséges a TC_001 és a TC_002 teszt sikeres lefutása\n        # Követelmény: Req.id: R08\n        from selenium import webdriver\n        import time\n        from selenium.webdriver.chrome.options import Options\n        from webdriver_manager.chrome import ChromeDriverManager\n    \n        options = Options()\n        options.add_argument('--headless')\n    \n        driver = webdriver.Chrome(ChromeDriverManager().install(), options=options)\n        try:\n            # Oldal betöltése\n            driver.get(\"http://localhost:1667\")\n            time.sleep(1)\n    \n    \n            # Bejelentkezés függvény\n            def login(email_l, password_l):\n                sign_in = driver.find_element_by_xpath('//a[@href=\"#/login\"]')\n                sign_in.click()\n                email = driver.find_element_by_xpath('//input[@placeholder=\"Email\"]')\n                email.send_keys(email_l)\n                password = driver.find_element_by_xpath('//input[@placeholder=\"Password\"]')\n                password.send_keys(password_l)\n                button = driver.find_element_by_xpath('//button[@class=\"btn btn-lg btn-primary pull-xs-right\"]')\n                button.click()\n                time.sleep(2)\n    \n    \n            # Bejelentkezés tesztadat\n            email_data = [\"testuser1@example.com\"]\n            password_data = [\"Abcd123$\"]\n    \n            # Bejelentkezés függvény meghívás\n            login(email_data[0], password_data[0])\n    \n            # testuser1 felhasználó blogbejegyzéseinek kikeresése\n            testuser1 = driver.find_element_by_xpath('//li[@class=\"nav-item\"]//a[@href=\"#/@testuser1/\"]')\n            testuser1.click()\n            time.sleep(7)\n            article_title = driver.find_elements_by_xpath('//div[@class=\"article-preview\"]')\n            time.sleep(3)\n            print(len(article_title))\n            # Ellenőrzés: egy oldalon megjelenő blogbejegyzés max 10 db\n>           assert len(article_title) <= 10\nE           assert 11 <= 10\nE            +  where 11 = len([<selenium.webdriver.remote.webelement.WebElement (session=\"12e25a363a88e68f64c9c58fadf6a920\", element=\"61d6bccd-7d42-...belement.WebElement (session=\"12e25a363a88e68f64c9c58fadf6a920\", element=\"a4fdb81f-3c40-4a72-a799-f4a0f9d0b9fb\")>, ...])\n\ntestproject/conduit_tc_019-reg_test.py:55: AssertionError",
    "steps" : [ ],
    "attachments" : [ {
      "uid" : "692fd4a5d7f7ec47",
      "name" : "log",
      "source" : "692fd4a5d7f7ec47.txt",
      "type" : "text/plain",
      "size" : 344
    }, {
      "uid" : "1e28841abe3bed65",
      "name" : "stdout",
      "source" : "1e28841abe3bed65.txt",
      "type" : "text/plain",
      "size" : 3
    }, {
      "uid" : "958b2f9a9083d7d5",
      "name" : "stderr",
      "source" : "958b2f9a9083d7d5.txt",
      "type" : "text/plain",
      "size" : 215
    } ],
    "parameters" : [ ],
    "stepsCount" : 0,
    "attachmentsCount" : 3,
    "shouldDisplayMessage" : true,
    "hasContent" : true
  },
  "afterStages" : [ ],
  "labels" : [ {
    "name" : "parentSuite",
    "value" : "testproject"
  }, {
    "name" : "suite",
    "value" : "conduit_tc_019-reg_test"
  }, {
    "name" : "host",
    "value" : "fv-az28-876"
  }, {
    "name" : "thread",
    "value" : "3781-MainThread"
  }, {
    "name" : "framework",
    "value" : "pytest"
  }, {
    "name" : "language",
    "value" : "cpython3"
  }, {
    "name" : "package",
    "value" : "testproject.conduit_tc_019-reg_test"
  }, {
    "name" : "resultFormat",
    "value" : "allure2"
  } ],
  "parameters" : [ ],
  "links" : [ ],
  "hidden" : false,
  "retry" : false,
  "extra" : {
    "severity" : "normal",
    "retries" : [ ],
    "categories" : [ {
      "name" : "Product defects",
      "matchedStatuses" : [ ],
      "flaky" : false
    } ],
    "history" : {
      "statistic" : {
        "failed" : 3,
        "broken" : 2,
        "skipped" : 0,
        "passed" : 12,
        "unknown" : 0,
        "total" : 17
      },
      "items" : [ {
        "uid" : "488d0967f874adee",
        "reportUrl" : "https://BartaEmese.github.io/conduit/30//#testresult/488d0967f874adee",
        "status" : "passed",
        "time" : {
          "start" : 1629105666277,
          "stop" : 1629105677325,
          "duration" : 11048
        }
      }, {
        "uid" : "274f15cd02dd716d",
        "reportUrl" : "https://BartaEmese.github.io/conduit/35//#testresult/274f15cd02dd716d",
        "status" : "broken",
        "statusDetails" : "selenium.common.exceptions.WebDriverException: Message: unknown error: Chrome failed to start: exited abnormally.\n  (unknown error: DevToolsActivePort file doesn't exist)\n  (The process started from chrome location /usr/bin/google-chrome is no longer running, so ChromeDriver is assuming that Chrome has crashed.)",
        "time" : {
          "start" : 1629105649416,
          "stop" : 1629105651278,
          "duration" : 1862
        }
      }, {
        "uid" : "78ceb02fc819c2c6",
        "reportUrl" : "https://BartaEmese.github.io/conduit/34//#testresult/78ceb02fc819c2c6",
        "status" : "passed",
        "time" : {
          "start" : 1629105353697,
          "stop" : 1629105364510,
          "duration" : 10813
        }
      }, {
        "uid" : "9399d17b5abc6d96",
        "reportUrl" : "https://BartaEmese.github.io/conduit/33//#testresult/9399d17b5abc6d96",
        "status" : "passed",
        "time" : {
          "start" : 1629105322459,
          "stop" : 1629105333318,
          "duration" : 10859
        }
      }, {
        "uid" : "8ef68d0359006f4",
        "reportUrl" : "https://BartaEmese.github.io/conduit/32//#testresult/8ef68d0359006f4",
        "status" : "passed",
        "time" : {
          "start" : 1629105296419,
          "stop" : 1629105307317,
          "duration" : 10898
        }
      }, {
        "uid" : "dca6206047fd5a2a",
        "reportUrl" : "https://BartaEmese.github.io/conduit/31//#testresult/dca6206047fd5a2a",
        "status" : "passed",
        "time" : {
          "start" : 1629105244673,
          "stop" : 1629105255942,
          "duration" : 11269
        }
      }, {
        "uid" : "52b01cd0dad72058",
        "reportUrl" : "https://BartaEmese.github.io/conduit/30//#testresult/52b01cd0dad72058",
        "status" : "passed",
        "time" : {
          "start" : 1629058511257,
          "stop" : 1629058522219,
          "duration" : 10962
        }
      }, {
        "uid" : "bf7ed3f8351d53dd",
        "reportUrl" : "https://BartaEmese.github.io/conduit/29//#testresult/bf7ed3f8351d53dd",
        "status" : "failed",
        "statusDetails" : "AssertionError: assert 11 <= 10\n +  where 11 = len([<selenium.webdriver.remote.webelement.WebElement (session=\"9ab10cd01178f7a776be9c487e67f2be\", element=\"a2cee232-fcd1-...belement.WebElement (session=\"9ab10cd01178f7a776be9c487e67f2be\", element=\"8fe5fd38-51a6-42c3-89ae-356cb1e9fb20\")>, ...])",
        "time" : {
          "start" : 1629057900327,
          "stop" : 1629057911348,
          "duration" : 11021
        }
      }, {
        "uid" : "fdd4a4a6a656de4e",
        "reportUrl" : "https://BartaEmese.github.io/conduit/28//#testresult/fdd4a4a6a656de4e",
        "status" : "passed",
        "time" : {
          "start" : 1629057421290,
          "stop" : 1629057432295,
          "duration" : 11005
        }
      }, {
        "uid" : "90176e1a8698a626",
        "reportUrl" : "https://BartaEmese.github.io/conduit/26//#testresult/90176e1a8698a626",
        "status" : "passed",
        "time" : {
          "start" : 1629057033668,
          "stop" : 1629057044539,
          "duration" : 10871
        }
      }, {
        "uid" : "d174329a2a6ee52a",
        "reportUrl" : "https://BartaEmese.github.io/conduit/27//#testresult/d174329a2a6ee52a",
        "status" : "passed",
        "time" : {
          "start" : 1629056426959,
          "stop" : 1629056437954,
          "duration" : 10995
        }
      }, {
        "uid" : "dd5838617840babd",
        "reportUrl" : "https://BartaEmese.github.io/conduit/26//#testresult/dd5838617840babd",
        "status" : "passed",
        "time" : {
          "start" : 1629056350540,
          "stop" : 1629056360473,
          "duration" : 9933
        }
      }, {
        "uid" : "67a7e4caa79a2de5",
        "reportUrl" : "https://BartaEmese.github.io/conduit/25//#testresult/67a7e4caa79a2de5",
        "status" : "passed",
        "time" : {
          "start" : 1629055918186,
          "stop" : 1629055928089,
          "duration" : 9903
        }
      }, {
        "uid" : "19097c060f8ded41",
        "reportUrl" : "https://BartaEmese.github.io/conduit/24//#testresult/19097c060f8ded41",
        "status" : "failed",
        "statusDetails" : "AssertionError: assert 11 <= 10\n +  where 11 = len([<selenium.webdriver.remote.webelement.WebElement (session=\"81ad46ea9af34c8c004f106a1e7898fc\", element=\"d15a132f-8cb8-...belement.WebElement (session=\"81ad46ea9af34c8c004f106a1e7898fc\", element=\"ad73d67c-ed76-47c0-87cd-63996c08d24b\")>, ...])",
        "time" : {
          "start" : 1629054967458,
          "stop" : 1629054977427,
          "duration" : 9969
        }
      }, {
        "uid" : "b19e9bf7ccc0cfbb",
        "reportUrl" : "https://BartaEmese.github.io/conduit/23//#testresult/b19e9bf7ccc0cfbb",
        "status" : "passed",
        "time" : {
          "start" : 1629054181892,
          "stop" : 1629054191822,
          "duration" : 9930
        }
      }, {
        "uid" : "8ac87a61991b42bf",
        "reportUrl" : "https://BartaEmese.github.io/conduit/22//#testresult/8ac87a61991b42bf",
        "status" : "broken",
        "statusDetails" : "selenium.common.exceptions.WebDriverException: Message: unknown error: Chrome failed to start: exited abnormally.\n  (unknown error: DevToolsActivePort file doesn't exist)\n  (The process started from chrome location /usr/bin/google-chrome is no longer running, so ChromeDriver is assuming that Chrome has crashed.)",
        "time" : {
          "start" : 1629053658441,
          "stop" : 1629053658636,
          "duration" : 195
        }
      } ]
    },
    "tags" : [ ]
  },
  "source" : "fe3d7b6823dd8b0e.json",
  "parameterValues" : [ ]
}